1564566087566	mozrunner::runner	INFO	Running command: "C:\\Program Files\\Mozilla Firefox\\firefox.exe" "-marionette" "-foreground" "-no-remote" "-profile" "C:\\Users\\sz\\AppData\\Local\\Temp\\rust_mozprofile.hWRCSm6vNOEE"
1564566534875	mozrunner::runner	INFO	Running command: "C:\\Program Files\\Mozilla Firefox\\firefox.exe" "-marionette" "-foreground" "-no-remote" "-profile" "C:\\Users\\sz\\AppData\\Local\\Temp\\rust_mozprofile.6rf8ySxiRDTo"
1564566535992	addons.webextension.screenshots@mozilla.org	WARN	Loading extension 'screenshots@mozilla.org': Reading manifest: Invalid extension permission: mozillaAddons
1564566535993	addons.webextension.screenshots@mozilla.org	WARN	Loading extension 'screenshots@mozilla.org': Reading manifest: Invalid extension permission: telemetry
1564566535999	addons.webextension.screenshots@mozilla.org	WARN	Loading extension 'screenshots@mozilla.org': Reading manifest: Invalid extension permission: resource://pdf.js/
1564566535999	addons.webextension.screenshots@mozilla.org	WARN	Loading extension 'screenshots@mozilla.org': Reading manifest: Invalid extension permission: about:reader*
1564566541777	Marionette	INFO	Listening on port 56377
1564566542109	Marionette	WARN	TLS certificate errors will be ignored for this session
1564566548086	Marionette	INFO	Stopped listening on port 56377
[Child 21624, Chrome_ChildThread] WARNING: pipe error: 109: file z:/task_1563383129/build/src/ipc/chromium/src/chrome/common/ipc_channel_win.cc, line 341
[Child 21624, Chro
###!!! [Child][RunMessage] Error: Channel closing: too late to send/recv, messages will be lost

[GPU 94
###!!! [Child][MessageChannel::SendAndWait] Error: Channel error: cannot send/recv

1564566568845	mozrunner::runner	INFO	Running command: "C:\\Program Files\\Mozilla Firefox\\firefox.exe" "-marionette" "-foreground" "-no-remote" "-profile" "C:\\Users\\sz\\AppData\\Local\\Temp\\rust_mozprofile.WDN11qaiWh4f"
1564566569821	addons.webextension.screenshots@mozilla.org	WARN	Loading extension 'screenshots@mozilla.org': Reading manifest: Invalid extension permission: mozillaAddons
1564566569822	addons.webextension.screenshots@mozilla.org	WARN	Loading extension 'screenshots@mozilla.org': Reading manifest: Invalid extension permission: telemetry
1564566569822	addons.webextension.screenshots@mozilla.org	WARN	Loading extension 'screenshots@mozilla.org': Reading manifest: Invalid extension permission: resource://pdf.js/
1564566569822	addons.webextension.screenshots@mozilla.org	WARN	Loading extension 'screenshots@mozilla.org': Reading manifest: Invalid extension permission: about:reader*
1564566572088	Marionette	INFO	Listening on port 56439
1564566572166	Marionette	WARN	TLS certificate errors will be ignored for this session
JavaScript warning: http://127.0.0.1/testlink/gui/javascript/sorttable.js, line 494: Array.forEach is deprecated; use Array.prototype.forEach instead
JavaScript warning: http://127.0.0.1/testlink/gui/javascript/sorttable.js, line 494: Array.forEach is deprecated; use Array.prototype.forEach instead
1564566577666	Marionette	INFO	Stopped listening on port 56439
[Parent 18616, Gecko_IOThread] WARNING: pipe error: 109: file z:/task_1563383129/build/src/ipc/chromium/src/chrome/common/ipc_channel_win.cc, line 341
[Parent 18616, Gecko_IOThread] WARNING: pipe error: 109: file z:/task_1563383129/build/src/ipc/chromium/src/chrome/common/ipc_channel_win.cc, line 341
[Child 4672, Chrome_ChildThread] WARNING: pipe error: 109: file z:/task_1563383129/build/src/ipc/chromium/src/chrome/common/ipc_channel_win.cc, line 341
[Child 4672, Chrome_ChildThread] WARNING: pipe error: 109
###!!! [Child][RunMessage] Error: Channel closing: too late to send/recv, messages will be lost

[GP
###!!! [Child][MessageChannel::SendAndWait] Error: Channel error: cannot send/recv

1564566600455	mozrunner::runner	INFO	Running command: "C:\\Program Files\\Mozilla Firefox\\firefox.exe" "-marionette" "-foreground" "-no-remote" "-profile" "C:\\Users\\sz\\AppData\\Local\\Temp\\rust_mozprofile.XmUcHoiDUBXI"
1564566600967	addons.webextension.screenshots@mozilla.org	WARN	Loading extension 'screenshots@mozilla.org': Reading manifest: Invalid extension permission: mozillaAddons
1564566600967	addons.webextension.screenshots@mozilla.org	WARN	Loading extension 'screenshots@mozilla.org': Reading manifest: Invalid extension permission: telemetry
1564566600968	addons.webextension.screenshots@mozilla.org	WARN	Loading extension 'screenshots@mozilla.org': Reading manifest: Invalid extension permission: resource://pdf.js/
1564566600968	addons.webextension.screenshots@mozilla.org	WARN	Loading extension 'screenshots@mozilla.org': Reading manifest: Invalid extension permission: about:reader*
1564566603162	Marionette	INFO	Listening on port 56491
1564566603180	Marionette	WARN	TLS certificate errors will be ignored for this session
JavaScript warning: http://127.0.0.1/testlink/gui/javascript/sorttable.js, line 494: Array.forEach is deprecated; use Array.prototype.forEach instead
JavaScript warning: http://127.0.0.1/testlink/gui/javascript/sorttable.js, line 494: Array.forEach is deprecated; use Array.prototype.forEach instead
1564566609926	Marionette	INFO	Stopped listening on port 56491
[Parent 13632, Gecko_IOThread] WARNING: pipe error: 109: file z:/task_1563383129/build/src/ipc/chromium/src/chrome/common/ipc_channel_win.cc, line 341
[Parent 13632, Gecko_IOThread] WARNING: pipe error: 109: file z:/task_1563383129/build/src/ipc/chromium/src/chrome/common/ipc_channel_win.cc, line 341
[Child 22420, Chrome_ChildThread] WARNING: pipe error: 109: file z:/task_1563383129/build/src/ipc/chromium/src/chrome/common/ipc_channel_win.cc, line 341
[Child 22420, Chrome_ChildThr[Parent 13632, Gecko_IOThread] WARNING: pipe error: 109: file z:/task_1563383129/build/src/ipc/chromium/src/chrome/common/ipc_channel_win.cc, line 341

###!!! [Child][RunMessage] Error: Channel closing: too late to send/recv, messages will be lost

[GPU 
###!!! [Child][MessageChannel::SendAndWait] Error: Channel error: cannot send/recv

1564566714954	mozrunner::runner	INFO	Running command: "C:\\Program Files\\Mozilla Firefox\\firefox.exe" "-marionette" "-foreground" "-no-remote" "-profile" "C:\\Users\\sz\\AppData\\Local\\Temp\\rust_mozprofile.DclRRBosdXTP"
1564566715882	addons.webextension.screenshots@mozilla.org	WARN	Loading extension 'screenshots@mozilla.org': Reading manifest: Invalid extension permission: mozillaAddons
1564566715882	addons.webextension.screenshots@mozilla.org	WARN	Loading extension 'screenshots@mozilla.org': Reading manifest: Invalid extension permission: telemetry
1564566715882	addons.webextension.screenshots@mozilla.org	WARN	Loading extension 'screenshots@mozilla.org': Reading manifest: Invalid extension permission: resource://pdf.js/
1564566715882	addons.webextension.screenshots@mozilla.org	WARN	Loading extension 'screenshots@mozilla.org': Reading manifest: Invalid extension permission: about:reader*
[Child 20256, Chrome_ChildThread] WARNING: pipe error: 109: file z:/task_1563383129/build/src/ipc/chromium/src/chrome/common/ipc_channel_win.cc, line 341
[Child 20256, Chrome_ChildThread] WARNING: pipe error: 109: file z:/task_1563383129/build/src/ipc/ch1564566718312	Marionette	INFO	Listening on port 56608
1564566718790	Marionette	WARN	TLS certificate errors will be ignored for this session
JavaScript warning: http://127.0.0.1/testlink/gui/javascript/sorttable.js, line 494: Array.forEach is deprecated; use Array.prototype.forEach instead
JavaScript warning: http://127.0.0.1/testlink/gui/javascript/sorttable.js, line 494: Array.forEach is deprecated; use Array.prototype.forEach instead
1564566726172	Marionette	INFO	Stopped listening on port 56608
[Parent 7264, Gecko_IOThread] WARNING: pipe error: 109: file z:/task_1563383129/build/src/ipc/chromium/src/chrome/common/ipc_channel_win.cc, line 341
[Child 19544, Chrome_ChildThread] WARNING: pipe error: 109: file z:/task_1563383129/build/src/ipc/chromium/src/chrome/common/ipc_channel_win.cc, line 341
[Child 195[Parent 7264, Gecko_IOThread] WARNING: pipe error: 109: file z:/task_1563383129/build/src/ipc/chromium/src/chrome/common/ipc_channel_win.cc, line 341

###!!! [Child][RunMessage] Error: Channel closing: too late to send/recv, messages will be lost

[GPU 152
###!!! [Child][MessageChannel::SendAndWait] Error: Channel error: cannot send/recv

1564567899506	mozrunner::runner	INFO	Running command: "C:\\Program Files\\Mozilla Firefox\\firefox.exe" "-marionette" "-foreground" "-no-remote" "-profile" "C:\\Users\\sz\\AppData\\Local\\Temp\\rust_mozprofile.coAR3ZA51hFg"
1564567900549	addons.webextension.screenshots@mozilla.org	WARN	Loading extension 'screenshots@mozilla.org': Reading manifest: Invalid extension permission: mozillaAddons
1564567900549	addons.webextension.screenshots@mozilla.org	WARN	Loading extension 'screenshots@mozilla.org': Reading manifest: Invalid extension permission: telemetry
1564567900550	addons.webextension.screenshots@mozilla.org	WARN	Loading extension 'screenshots@mozilla.org': Reading manifest: Invalid extension permission: resource://pdf.js/
1564567900550	addons.webextension.screenshots@mozilla.org	WARN	Loading extension 'screenshots@mozilla.org': Reading manifest: Invalid extension permission: about:reader*
[Child 22480, Chrome_ChildThread] WARNING: pipe error: 109: file z:/task_1563383129/build/src/ipc/chromium/src/chrome/common/ipc_channel_win.cc, line 341
[Child 22480, Chro1564567902981	Marionette	INFO	Listening on port 56971
1564567903453	Marionette	WARN	TLS certificate errors will be ignored for this session
JavaScript warning: http://127.0.0.1/testlink/gui/javascript/sorttable.js, line 494: Array.forEach is deprecated; use Array.prototype.forEach instead
JavaScript warning: http://127.0.0.1/testlink/gui/javascript/sorttable.js, line 494: Array.forEach is deprecated; use Array.prototype.forEach instead
1564567911629	Marionette	INFO	Stopped listening on port 56971
[Parent 16144, Gecko_IOThread] WARNING: pipe error: 109: file z:/task_1563383129/build/src/ipc/chromium/src/chrome/common/ipc_channel_win.cc, line 341
[Child 8896, Chrome_ChildThread] WARNING: pipe error: 109: file z:/task_1563383129/build/src/ipc/chromium/src/chrome/common/ipc_channel_win.cc, line 341
[Child 889[Child 13792, Chrome_ChildThread] WARNING: pipe error: 109: file z:/task_1563383129/build/src/ipc/chromium/src/chrome/common/ipc_channel_win.cc, line 341
[Child 13792, Chrome_ChildThread] WARNING: pipe error: 1[Parent 16144, Gecko_IOThread] WARNING: pipe error: 109: file z:/task_1563383129/build/src/ipc/chromium/src/chrome/common/ipc_channel_win.cc, line 341
[Child 17304, Chrome_ChildThread] WARNING: pipe error: 109: file z:/task_1563383129/build/src/ipc/chromium/src/chrome/common/ipc_channel_win.cc, line 341
[Child 17304, Chrome_ChildThread] WARNING: pipe error: 109: file z:/task_1563383129/build/src/ipc/chromium/src/chrome/common/ipc_channel_win.cc, line 
###!!! [Child][RunMessage] Error: Channel closing: too late to send/recv, messages will be lost

[GPU 193
###!!! [Child][MessageChannel::SendAndWait] Error: Channel error: cannot send/recv

1564628832058	mozrunner::runner	INFO	Running command: "C:\\Program Files\\Mozilla Firefox\\firefox.exe" "-marionette" "-foreground" "-no-remote" "-profile" "C:\\Users\\sz\\AppData\\Local\\Temp\\rust_mozprofile.RwbufTiuyVba"
1564628833494	addons.webextension.screenshots@mozilla.org	WARN	Loading extension 'screenshots@mozilla.org': Reading manifest: Invalid extension permission: mozillaAddons
1564628833495	addons.webextension.screenshots@mozilla.org	WARN	Loading extension 'screenshots@mozilla.org': Reading manifest: Invalid extension permission: telemetry
1564628833495	addons.webextension.screenshots@mozilla.org	WARN	Loading extension 'screenshots@mozilla.org': Reading manifest: Invalid extension permission: resource://pdf.js/
1564628833495	addons.webextension.screenshots@mozilla.org	WARN	Loading extension 'screenshots@mozilla.org': Reading manifest: Invalid extension permission: about:reader*
out of memory: 0x00000000000438B0 bytes requested
Assertion failure: [unhandlable oom] Failed not allocate new chunk during GC, at z:/task_1563383129/build/src/js/src/vm/JSContext.cpp:1476
Exiting due to channel error.
1564648375043	mozrunner::runner	INFO	Running command: "C:\\Program Files\\Mozilla Firefox\\firefox.exe" "-marionette" "-foreground" "-no-remote" "-profile" "C:\\Users\\sz\\AppData\\Local\\Temp\\rust_mozprofile.DJ1PDs0MicmY"
1564648376275	addons.webextension.screenshots@mozilla.org	WARN	Loading extension 'screenshots@mozilla.org': Reading manifest: Invalid extension permission: mozillaAddons
1564648376276	addons.webextension.screenshots@mozilla.org	WARN	Loading extension 'screenshots@mozilla.org': Reading manifest: Invalid extension permission: telemetry
1564648376276	addons.webextension.screenshots@mozilla.org	WARN	Loading extension 'screenshots@mozilla.org': Reading manifest: Invalid extension permission: resource://pdf.js/
1564648376276	addons.webextension.screenshots@mozilla.org	WARN	Loading extension 'screenshots@mozilla.org': Reading manifest: Invalid extension permission: about:reader*
1564648379565	Marionette	INFO	Listening on port 50202
1564648379644	Marionette	WARN	TLS certificate errors will be ignored for this session
JavaScript warning: https://webresource.c-ctrip.com/code/ubt/fp-em9.js, line 115: TypeError: asm.js type error: arguments to a comparison must both be signed, unsigned, floats or doubles; double and fixnum are given
1564648388731	Marionette	INFO	Stopped listening on port 50202
[Parent 4848, Gecko_IOThread] WARNING: pipe error: 109: file z:/task_1563383129/build/src/ipc/chromium/src/chrome/common/ipc_channel_win.cc, line 341
[Parent 4848, Gecko_IOThread] WARNING: pipe error: 109: file z:/task_1563383129/build/src/ipc/chromium/src/chrome/common/ipc_channel_win.cc, line 341
[Child 8080, Chrome_ChildThread] WARNING: pipe error: 109: file z:/task_1563383129/build/src/ipc/chromium/src/chrome/common/ipc_channel_win.cc, line 341
[Child 19492, Chrome_ChildThread] WARNING: pipe error: 109: file z:/task_1563383129/build/src/ipc/chromium/src/chrome/common/ipc_channel_win.cc, line 341
[Child 19492, Chrome_ChildThread] WARNING: pipe error: 109: file z:/task_1563383129/build/src/ipc/chromium/src/chrome/common/ipc_channel_win.cc, line 341
[Child 8880, Chrome_ChildThread] WARNING: pipe error: 109: file z:/task_1563383129/build/src/ipc/chromium/src/chrome/common/ipc_channel_win.cc, line 341
[Child 8880, Chrome_ChildThread[GPU 
###!!! [Child][MessageChannel::SendAndWait] Error: Channel error: cannot send/recv

1564648401869	mozrunner::runner	INFO	Running command: "C:\\Program Files\\Mozilla Firefox\\firefox.exe" "-marionette" "-foreground" "-no-remote" "-profile" "C:\\Users\\sz\\AppData\\Local\\Temp\\rust_mozprofile.I9M5yaMNoDqo"
1564648403092	addons.webextension.screenshots@mozilla.org	WARN	Loading extension 'screenshots@mozilla.org': Reading manifest: Invalid extension permission: mozillaAddons
1564648403092	addons.webextension.screenshots@mozilla.org	WARN	Loading extension 'screenshots@mozilla.org': Reading manifest: Invalid extension permission: telemetry
1564648403092	addons.webextension.screenshots@mozilla.org	WARN	Loading extension 'screenshots@mozilla.org': Reading manifest: Invalid extension permission: resource://pdf.js/
1564648403092	addons.webextension.screenshots@mozilla.org	WARN	Loading extension 'screenshots@mozilla.org': Reading manifest: Invalid extension permission: about:reader*
1564648405208	Marionette	INFO	Listening on port 50281
1564648405695	Marionette	WARN	TLS certificate errors will be ignored for this session
JavaScript warning: https://webresource.c-ctrip.com/code/ubt/fp-em9.js, line 115: TypeError: asm.js type error: arguments to a comparison must both be signed, unsigned, floats or doubles; double and fixnum are given
[Child 9128, Chrome_ChildThread] WARNING: pipe error: 109: file z:/task_1563383129/build/src/ipc/chromium/src/chrome/common/ipc_channel_win.cc, line 341
[Child 9128, Chrome_ChildThread] WARNING: pipe error: 109: file z:/task_1563383129/build/src/ipc/chromium/src/chrome/common/ipc_channel_win.cc, line 341
1564648421732	Marionette	INFO	Stopped listening on port 50281

###!!! [Child][RunMessage] Error: Channel closing: too late to send/recv, messages will be lost


###!!! [Child][MessageChannel::SendAndWait] Error: Channel error: cannot send/recv

